2020-02-15 18:31:09 INFO  --------------------start test bridge=================
2020-02-15 18:31:09 INFO  System property intermw.config.location is not set. Properties file 'bridge.properties' will be loaded from classpath.
2020-02-15 18:31:09 DEBUG Searching for properties file 'bridge.properties' in classpath...
2020-02-15 18:31:09 INFO  Properties file bridge.properties has been loaded successfully.
2020-02-15 18:31:09 DEBUG Loading configuration for the platform http://openiot from file bridge.properties...
2020-02-15 18:31:09 INFO  System property intermw.config.location is not set. Properties file 'bridge.properties' will be loaded from classpath.
2020-02-15 18:31:09 DEBUG Searching for properties file 'bridge.properties' in classpath...
2020-02-15 18:31:09 INFO  Properties file bridge.properties has been loaded successfully.
2020-02-15 18:31:09 DEBUG Configuration has been loaded successfully: {scan-packages=eu.interiot, bridge.callback.url=http://10.196.2.56:8981}
2020-02-15 18:31:09 DEBUG Jena initialization
2020-02-15 18:31:09 DEBUG Add location: LocatorFile
2020-02-15 18:31:09 DEBUG Add location: ClassLoaderLocator
2020-02-15 18:31:09 DEBUG Failed to find configuration: file:location-mapping.rdf;file:location-mapping.n3;file:location-mapping.ttl;file:etc/location-mapping.rdf;file:etc/location-mapping.n3;file:etc/location-mapping.ttl
2020-02-15 18:31:09 DEBUG Add location: LocatorFile
2020-02-15 18:31:09 DEBUG Add location: LocatorURL
2020-02-15 18:31:09 DEBUG Add location: ClassLoaderLocator
2020-02-15 18:31:09 DEBUG Failed to find configuration: location-mapping.ttl;location-mapping.rdf;location-mapping.n3;etc/location-mapping.rdf;etc/location-mapping.n3;etc/location-mapping.ttl
2020-02-15 18:31:10 DEBUG System architecture: 64 bit
2020-02-15 18:31:10 DEBUG System architecture: 64 bit
2020-02-15 18:31:10 DEBUG Lock : main
2020-02-15 18:31:10 DEBUG Lock : main
2020-02-15 18:31:10 DEBUG Lock : main
2020-02-15 18:31:10 DEBUG Lock : main
2020-02-15 18:31:10 INFO  thingRegisterMsg:eu.interiot.message.Message@487db668
2020-02-15 18:31:10 DEBUG Lock : main
2020-02-15 18:31:10 DEBUG Lock : main
2020-02-15 18:31:10 INFO  thingSubscribeMsg: {}eu.interiot.message.Message@22875539
2020-02-15 18:31:10 DEBUG Lock : main
2020-02-15 18:31:10 DEBUG Lock : main
2020-02-15 18:31:10 DEBUG Lock : main
2020-02-15 18:31:10 DEBUG Lock : main
2020-02-15 18:31:10 DEBUG Creating bridge instance for the platform http://inter-iot.eu/example-platform1...
2020-02-15 18:31:10 DEBUG OPENIOT bridge is initializing...
2020-02-15 18:31:10 INFO  OPENIOT bridge has been initialized successfully.
2020-02-15 18:31:10 INFO  registering open-iot bridge http://inter-iot.eu/example-platform1...
2020-02-15 18:31:10 DEBUG CookieSpec selected: default
2020-02-15 18:31:10 DEBUG Auth cache not set in the context
2020-02-15 18:31:10 DEBUG Connection request: [route: {}->http://srvgal106.deri.ie:8018][total kept alive: 0; route allocated: 0 of 2; total allocated: 0 of 20]
2020-02-15 18:31:10 DEBUG Connection leased: [id: 0][route: {}->http://srvgal106.deri.ie:8018][total kept alive: 0; route allocated: 1 of 2; total allocated: 1 of 20]
2020-02-15 18:31:10 DEBUG Opening connection {}->http://srvgal106.deri.ie:8018
2020-02-15 18:31:10 DEBUG Connecting to srvgal106.deri.ie/140.203.154.235:8018
2020-02-15 18:31:10 DEBUG Connection established 10.196.2.56:59598<->140.203.154.235:8018
2020-02-15 18:31:10 DEBUG Executing request POST /api/register-platform HTTP/1.1
2020-02-15 18:31:10 DEBUG Target auth state: UNCHALLENGED
2020-02-15 18:31:10 DEBUG Proxy auth state: UNCHALLENGED
2020-02-15 18:31:10 DEBUG http-outgoing-0 >> POST /api/register-platform HTTP/1.1
2020-02-15 18:31:10 DEBUG http-outgoing-0 >> Content-Length: 56
2020-02-15 18:31:10 DEBUG http-outgoing-0 >> Content-Type: application/x-www-form-urlencoded; charset=UTF-8
2020-02-15 18:31:10 DEBUG http-outgoing-0 >> Host: srvgal106.deri.ie:8018
2020-02-15 18:31:10 DEBUG http-outgoing-0 >> Connection: Keep-Alive
2020-02-15 18:31:10 DEBUG http-outgoing-0 >> User-Agent: Apache-HttpClient/4.5.6 (Java/1.8.0_91)
2020-02-15 18:31:10 DEBUG http-outgoing-0 >> Accept-Encoding: gzip,deflate
2020-02-15 18:31:10 DEBUG http-outgoing-0 >> "POST /api/register-platform HTTP/1.1[\r][\n]"
2020-02-15 18:31:10 DEBUG http-outgoing-0 >> "Content-Length: 56[\r][\n]"
2020-02-15 18:31:10 DEBUG http-outgoing-0 >> "Content-Type: application/x-www-form-urlencoded; charset=UTF-8[\r][\n]"
2020-02-15 18:31:10 DEBUG http-outgoing-0 >> "Host: srvgal106.deri.ie:8018[\r][\n]"
2020-02-15 18:31:10 DEBUG http-outgoing-0 >> "Connection: Keep-Alive[\r][\n]"
2020-02-15 18:31:10 DEBUG http-outgoing-0 >> "User-Agent: Apache-HttpClient/4.5.6 (Java/1.8.0_91)[\r][\n]"
2020-02-15 18:31:10 DEBUG http-outgoing-0 >> "Accept-Encoding: gzip,deflate[\r][\n]"
2020-02-15 18:31:10 DEBUG http-outgoing-0 >> "[\r][\n]"
2020-02-15 18:31:10 DEBUG http-outgoing-0 >> "platformId=http%3A%2F%2Finter-iot.eu%2Fexample-platform1"
2020-02-15 18:31:10 DEBUG http-outgoing-0 << "HTTP/1.1 404 Not Found[\r][\n]"
2020-02-15 18:31:10 DEBUG http-outgoing-0 << "Expires: 0[\r][\n]"
2020-02-15 18:31:10 DEBUG http-outgoing-0 << "Cache-Control: no-cache, no-store, max-age=0, must-revalidate[\r][\n]"
2020-02-15 18:31:10 DEBUG http-outgoing-0 << "X-XSS-Protection: 1; mode=block[\r][\n]"
2020-02-15 18:31:10 DEBUG http-outgoing-0 << "Pragma: no-cache[\r][\n]"
2020-02-15 18:31:10 DEBUG http-outgoing-0 << "Date: Sat, 15 Feb 2020 18:31:10 GMT[\r][\n]"
2020-02-15 18:31:10 DEBUG http-outgoing-0 << "Connection: keep-alive[\r][\n]"
2020-02-15 18:31:10 DEBUG http-outgoing-0 << "X-Content-Type-Options: nosniff[\r][\n]"
2020-02-15 18:31:10 DEBUG http-outgoing-0 << "Transfer-Encoding: chunked[\r][\n]"
2020-02-15 18:31:10 DEBUG http-outgoing-0 << "Content-Type: application/json;charset=UTF-8[\r][\n]"
2020-02-15 18:31:10 DEBUG http-outgoing-0 << "X-Application-Context: OpenIoTService:no-liquibase,dev,swagger:8018[\r][\n]"
2020-02-15 18:31:10 DEBUG http-outgoing-0 << "[\r][\n]"
2020-02-15 18:31:10 DEBUG http-outgoing-0 << "9d[\r][\n]"
2020-02-15 18:31:10 DEBUG http-outgoing-0 << "{[\n]"
2020-02-15 18:31:10 DEBUG http-outgoing-0 << "  "timestamp" : "2020-02-15T18:31:10.919+0000",[\n]"
2020-02-15 18:31:10 DEBUG http-outgoing-0 << "  "status" : 404,[\n]"
2020-02-15 18:31:10 DEBUG http-outgoing-0 << "  "error" : "Not Found",[\n]"
2020-02-15 18:31:10 DEBUG http-outgoing-0 << "  "message" : "Not Found",[\n]"
2020-02-15 18:31:10 DEBUG http-outgoing-0 << "  "path" : "/api/register-platform"[\n]"
2020-02-15 18:31:10 DEBUG http-outgoing-0 << "}[\r][\n]"
2020-02-15 18:31:10 DEBUG http-outgoing-0 << HTTP/1.1 404 Not Found
2020-02-15 18:31:10 DEBUG http-outgoing-0 << Expires: 0
2020-02-15 18:31:10 DEBUG http-outgoing-0 << Cache-Control: no-cache, no-store, max-age=0, must-revalidate
2020-02-15 18:31:10 DEBUG http-outgoing-0 << X-XSS-Protection: 1; mode=block
2020-02-15 18:31:10 DEBUG http-outgoing-0 << Pragma: no-cache
2020-02-15 18:31:10 DEBUG http-outgoing-0 << Date: Sat, 15 Feb 2020 18:31:10 GMT
2020-02-15 18:31:10 DEBUG http-outgoing-0 << Connection: keep-alive
2020-02-15 18:31:10 DEBUG http-outgoing-0 << X-Content-Type-Options: nosniff
2020-02-15 18:31:10 DEBUG http-outgoing-0 << Transfer-Encoding: chunked
2020-02-15 18:31:10 DEBUG http-outgoing-0 << Content-Type: application/json;charset=UTF-8
2020-02-15 18:31:10 DEBUG http-outgoing-0 << X-Application-Context: OpenIoTService:no-liquibase,dev,swagger:8018
2020-02-15 18:31:10 DEBUG Connection can be kept alive indefinitely
2020-02-15 18:31:10 DEBUG Received response from the platform: HTTP/1.1 404 Not Found
2020-02-15 18:31:10 DEBUG Cancelling request execution
2020-02-15 18:31:10 DEBUG http-outgoing-0: Shutdown connection
2020-02-15 18:31:10 DEBUG Connection discarded
2020-02-15 18:31:10 DEBUG Connection released: [id: 0][route: {}->http://srvgal106.deri.ie:8018][total kept alive: 0; route allocated: 0 of 2; total allocated: 0 of 20]
2020-02-15 18:31:10 DEBUG Platform http://inter-iot.eu/example-platform1 has been registered successfully.
2020-02-15 18:31:10 DEBUG Lock : main
2020-02-15 18:31:10 DEBUG Lock : main
2020-02-15 18:31:10 DEBUG Lock : main
2020-02-15 18:31:10 DEBUG Lock : main
2020-02-15 18:31:10 DEBUG ListDevices started...
2020-02-15 18:31:12 DEBUG Lock : main
2020-02-15 18:31:12 DEBUG Lock : main
2020-02-15 18:31:12 DEBUG Lock : main
2020-02-15 18:31:12 DEBUG Lock : main
2020-02-15 18:31:12 INFO  list of devices json serialization: {
  "@graph" : [ {
    "@graph" : [ {
      "@id" : "msg:meta/948e56e7-4225-4fa2-9ce4-1904b60b404c",
      "msg:SenderPlatformId" : {
        "@id" : "InterIoT:example-platform1"
      },
      "msg:conversationID" : "conv4c3d2fad-a7fd-40f2-b07c-7bf9d0cd51ea",
      "msg:dateTimeStamp" : "2020-02-15T18:31:12.318Z",
      "msg:messageID" : "msg7c31a48b-388c-42c4-938e-985d5769a6d8",
      "http://www.w3.org/1999/02/22-rdf-syntax-ns#type" : [ {
        "@id" : "msg:Device_Init"
      }, {
        "@id" : "msg:meta"
      } ]
    } ],
    "@id" : "msg:metadata"
  }, {
    "@graph" : [ {
      "@id" : "http://srvgal106.deri.ie:8018/api/1",
      "iiot:hasName" : "http://srvgal106.deri.ie:8018/api/1",
      "http://www.w3.org/1999/02/22-rdf-syntax-ns#type" : [ "http://www.w3.org/ns.sosa/Sensor", {
        "@id" : "iiot:IoTDevice"
      } ],
      "sosa:IsHostedBy" : {
        "@id" : "InterIoT:example-platform1"
      }
    }, {
      "@id" : "http://srvgal106.deri.ie:8018/api/10",
      "iiot:hasName" : "http://srvgal106.deri.ie:8018/api/10",
      "http://www.w3.org/1999/02/22-rdf-syntax-ns#type" : [ "http://www.w3.org/ns.sosa/Sensor", {
        "@id" : "iiot:IoTDevice"
      } ],
      "sosa:IsHostedBy" : {
        "@id" : "InterIoT:example-platform1"
      }
    }, {
      "@id" : "http://srvgal106.deri.ie:8018/api/11",
      "iiot:hasName" : "http://srvgal106.deri.ie:8018/api/11",
      "http://www.w3.org/1999/02/22-rdf-syntax-ns#type" : [ "http://www.w3.org/ns.sosa/Sensor", {
        "@id" : "iiot:IoTDevice"
      } ],
      "sosa:IsHostedBy" : {
        "@id" : "InterIoT:example-platform1"
      }
    }, {
      "@id" : "http://srvgal106.deri.ie:8018/api/12",
      "iiot:hasName" : "http://srvgal106.deri.ie:8018/api/12",
      "http://www.w3.org/1999/02/22-rdf-syntax-ns#type" : [ "http://www.w3.org/ns.sosa/Sensor", {
        "@id" : "iiot:IoTDevice"
      } ],
      "sosa:IsHostedBy" : {
        "@id" : "InterIoT:example-platform1"
      }
    }, {
      "@id" : "http://srvgal106.deri.ie:8018/api/13",
      "iiot:hasName" : "http://srvgal106.deri.ie:8018/api/13",
      "http://www.w3.org/1999/02/22-rdf-syntax-ns#type" : [ "http://www.w3.org/ns.sosa/Sensor", {
        "@id" : "iiot:IoTDevice"
      } ],
      "sosa:IsHostedBy" : {
        "@id" : "InterIoT:example-platform1"
      }
    }, {
      "@id" : "http://srvgal106.deri.ie:8018/api/14",
      "iiot:hasName" : "http://srvgal106.deri.ie:8018/api/14",
      "http://www.w3.org/1999/02/22-rdf-syntax-ns#type" : [ "http://www.w3.org/ns.sosa/Sensor", {
        "@id" : "iiot:IoTDevice"
      } ],
      "sosa:IsHostedBy" : {
        "@id" : "InterIoT:example-platform1"
      }
    }, {
      "@id" : "http://srvgal106.deri.ie:8018/api/15",
      "iiot:hasName" : "http://srvgal106.deri.ie:8018/api/15",
      "http://www.w3.org/1999/02/22-rdf-syntax-ns#type" : [ "http://www.w3.org/ns.sosa/Sensor", {
        "@id" : "iiot:IoTDevice"
      } ],
      "sosa:IsHostedBy" : {
        "@id" : "InterIoT:example-platform1"
      }
    }, {
      "@id" : "http://srvgal106.deri.ie:8018/api/16",
      "iiot:hasName" : "http://srvgal106.deri.ie:8018/api/16",
      "http://www.w3.org/1999/02/22-rdf-syntax-ns#type" : [ "http://www.w3.org/ns.sosa/Sensor", {
        "@id" : "iiot:IoTDevice"
      } ],
      "sosa:IsHostedBy" : {
        "@id" : "InterIoT:example-platform1"
      }
    }, {
      "@id" : "http://srvgal106.deri.ie:8018/api/17",
      "iiot:hasName" : "http://srvgal106.deri.ie:8018/api/17",
      "http://www.w3.org/1999/02/22-rdf-syntax-ns#type" : [ "http://www.w3.org/ns.sosa/Sensor", {
        "@id" : "iiot:IoTDevice"
      } ],
      "sosa:IsHostedBy" : {
        "@id" : "InterIoT:example-platform1"
      }
    }, {
      "@id" : "http://srvgal106.deri.ie:8018/api/18",
      "iiot:hasName" : "http://srvgal106.deri.ie:8018/api/18",
      "http://www.w3.org/1999/02/22-rdf-syntax-ns#type" : [ "http://www.w3.org/ns.sosa/Sensor", {
        "@id" : "iiot:IoTDevice"
      } ],
      "sosa:IsHostedBy" : {
        "@id" : "InterIoT:example-platform1"
      }
    }, {
      "@id" : "http://srvgal106.deri.ie:8018/api/19",
      "iiot:hasName" : "http://srvgal106.deri.ie:8018/api/19",
      "http://www.w3.org/1999/02/22-rdf-syntax-ns#type" : [ "http://www.w3.org/ns.sosa/Sensor", {
        "@id" : "iiot:IoTDevice"
      } ],
      "sosa:IsHostedBy" : {
        "@id" : "InterIoT:example-platform1"
      }
    }, {
      "@id" : "http://srvgal106.deri.ie:8018/api/2",
      "iiot:hasName" : "http://srvgal106.deri.ie:8018/api/2",
      "http://www.w3.org/1999/02/22-rdf-syntax-ns#type" : [ "http://www.w3.org/ns.sosa/Sensor", {
        "@id" : "iiot:IoTDevice"
      } ],
      "sosa:IsHostedBy" : {
        "@id" : "InterIoT:example-platform1"
      }
    }, {
      "@id" : "http://srvgal106.deri.ie:8018/api/20",
      "iiot:hasName" : "http://srvgal106.deri.ie:8018/api/20",
      "http://www.w3.org/1999/02/22-rdf-syntax-ns#type" : [ "http://www.w3.org/ns.sosa/Sensor", {
        "@id" : "iiot:IoTDevice"
      } ],
      "sosa:IsHostedBy" : {
        "@id" : "InterIoT:example-platform1"
      }
    }, {
      "@id" : "http://srvgal106.deri.ie:8018/api/21",
      "iiot:hasName" : "http://srvgal106.deri.ie:8018/api/21",
      "http://www.w3.org/1999/02/22-rdf-syntax-ns#type" : [ "http://www.w3.org/ns.sosa/Sensor", {
        "@id" : "iiot:IoTDevice"
      } ],
      "sosa:IsHostedBy" : {
        "@id" : "InterIoT:example-platform1"
      }
    }, {
      "@id" : "http://srvgal106.deri.ie:8018/api/22",
      "iiot:hasName" : "http://srvgal106.deri.ie:8018/api/22",
      "http://www.w3.org/1999/02/22-rdf-syntax-ns#type" : [ "http://www.w3.org/ns.sosa/Sensor", {
        "@id" : "iiot:IoTDevice"
      } ],
      "sosa:IsHostedBy" : {
        "@id" : "InterIoT:example-platform1"
      }
    }, {
      "@id" : "http://srvgal106.deri.ie:8018/api/23",
      "iiot:hasName" : "http://srvgal106.deri.ie:8018/api/23",
      "http://www.w3.org/1999/02/22-rdf-syntax-ns#type" : [ "http://www.w3.org/ns.sosa/Sensor", {
        "@id" : "iiot:IoTDevice"
      } ],
      "sosa:IsHostedBy" : {
        "@id" : "InterIoT:example-platform1"
      }
    }, {
      "@id" : "http://srvgal106.deri.ie:8018/api/24",
      "iiot:hasName" : "http://srvgal106.deri.ie:8018/api/24",
      "http://www.w3.org/1999/02/22-rdf-syntax-ns#type" : [ "http://www.w3.org/ns.sosa/Sensor", {
        "@id" : "iiot:IoTDevice"
      } ],
      "sosa:IsHostedBy" : {
        "@id" : "InterIoT:example-platform1"
      }
    }, {
      "@id" : "http://srvgal106.deri.ie:8018/api/28",
      "iiot:hasName" : "http://srvgal106.deri.ie:8018/api/28",
      "http://www.w3.org/1999/02/22-rdf-syntax-ns#type" : [ "http://www.w3.org/ns.sosa/Sensor", {
        "@id" : "iiot:IoTDevice"
      } ],
      "sosa:IsHostedBy" : {
        "@id" : "InterIoT:example-platform1"
      }
    }, {
      "@id" : "http://srvgal106.deri.ie:8018/api/29",
      "iiot:hasName" : "http://srvgal106.deri.ie:8018/api/29",
      "http://www.w3.org/1999/02/22-rdf-syntax-ns#type" : [ "http://www.w3.org/ns.sosa/Sensor", {
        "@id" : "iiot:IoTDevice"
      } ],
      "sosa:IsHostedBy" : {
        "@id" : "InterIoT:example-platform1"
      }
    }, {
      "@id" : "http://srvgal106.deri.ie:8018/api/3",
      "iiot:hasName" : "http://srvgal106.deri.ie:8018/api/3",
      "http://www.w3.org/1999/02/22-rdf-syntax-ns#type" : [ "http://www.w3.org/ns.sosa/Sensor", {
        "@id" : "iiot:IoTDevice"
      } ],
      "sosa:IsHostedBy" : {
        "@id" : "InterIoT:example-platform1"
      }
    }, {
      "@id" : "http://srvgal106.deri.ie:8018/api/30",
      "iiot:hasName" : "http://srvgal106.deri.ie:8018/api/30",
      "http://www.w3.org/1999/02/22-rdf-syntax-ns#type" : [ "http://www.w3.org/ns.sosa/Sensor", {
        "@id" : "iiot:IoTDevice"
      } ],
      "sosa:IsHostedBy" : {
        "@id" : "InterIoT:example-platform1"
      }
    }, {
      "@id" : "http://srvgal106.deri.ie:8018/api/31",
      "iiot:hasName" : "http://srvgal106.deri.ie:8018/api/31",
      "http://www.w3.org/1999/02/22-rdf-syntax-ns#type" : [ "http://www.w3.org/ns.sosa/Sensor", {
        "@id" : "iiot:IoTDevice"
      } ],
      "sosa:IsHostedBy" : {
        "@id" : "InterIoT:example-platform1"
      }
    }, {
      "@id" : "http://srvgal106.deri.ie:8018/api/32",
      "iiot:hasName" : "http://srvgal106.deri.ie:8018/api/32",
      "http://www.w3.org/1999/02/22-rdf-syntax-ns#type" : [ "http://www.w3.org/ns.sosa/Sensor", {
        "@id" : "iiot:IoTDevice"
      } ],
      "sosa:IsHostedBy" : {
        "@id" : "InterIoT:example-platform1"
      }
    }, {
      "@id" : "http://srvgal106.deri.ie:8018/api/33",
      "iiot:hasName" : "http://srvgal106.deri.ie:8018/api/33",
      "http://www.w3.org/1999/02/22-rdf-syntax-ns#type" : [ "http://www.w3.org/ns.sosa/Sensor", {
        "@id" : "iiot:IoTDevice"
      } ],
      "sosa:IsHostedBy" : {
        "@id" : "InterIoT:example-platform1"
      }
    }, {
      "@id" : "http://srvgal106.deri.ie:8018/api/34",
      "iiot:hasName" : "http://srvgal106.deri.ie:8018/api/34",
      "http://www.w3.org/1999/02/22-rdf-syntax-ns#type" : [ "http://www.w3.org/ns.sosa/Sensor", {
        "@id" : "iiot:IoTDevice"
      } ],
      "sosa:IsHostedBy" : {
        "@id" : "InterIoT:example-platform1"
      }
    }, {
      "@id" : "http://srvgal106.deri.ie:8018/api/35",
      "iiot:hasName" : "http://srvgal106.deri.ie:8018/api/35",
      "http://www.w3.org/1999/02/22-rdf-syntax-ns#type" : [ "http://www.w3.org/ns.sosa/Sensor", {
        "@id" : "iiot:IoTDevice"
      } ],
      "sosa:IsHostedBy" : {
        "@id" : "InterIoT:example-platform1"
      }
    }, {
      "@id" : "http://srvgal106.deri.ie:8018/api/36",
      "iiot:hasName" : "http://srvgal106.deri.ie:8018/api/36",
      "http://www.w3.org/1999/02/22-rdf-syntax-ns#type" : [ "http://www.w3.org/ns.sosa/Sensor", {
        "@id" : "iiot:IoTDevice"
      } ],
      "sosa:IsHostedBy" : {
        "@id" : "InterIoT:example-platform1"
      }
    }, {
      "@id" : "http://srvgal106.deri.ie:8018/api/37",
      "iiot:hasName" : "http://srvgal106.deri.ie:8018/api/37",
      "http://www.w3.org/1999/02/22-rdf-syntax-ns#type" : [ "http://www.w3.org/ns.sosa/Sensor", {
        "@id" : "iiot:IoTDevice"
      } ],
      "sosa:IsHostedBy" : {
        "@id" : "InterIoT:example-platform1"
      }
    }, {
      "@id" : "http://srvgal106.deri.ie:8018/api/38",
      "iiot:hasName" : "http://srvgal106.deri.ie:8018/api/38",
      "http://www.w3.org/1999/02/22-rdf-syntax-ns#type" : [ "http://www.w3.org/ns.sosa/Sensor", {
        "@id" : "iiot:IoTDevice"
      } ],
      "sosa:IsHostedBy" : {
        "@id" : "InterIoT:example-platform1"
      }
    }, {
      "@id" : "http://srvgal106.deri.ie:8018/api/39",
      "iiot:hasName" : "http://srvgal106.deri.ie:8018/api/39",
      "http://www.w3.org/1999/02/22-rdf-syntax-ns#type" : [ "http://www.w3.org/ns.sosa/Sensor", {
        "@id" : "iiot:IoTDevice"
      } ],
      "sosa:IsHostedBy" : {
        "@id" : "InterIoT:example-platform1"
      }
    }, {
      "@id" : "http://srvgal106.deri.ie:8018/api/4",
      "iiot:hasName" : "http://srvgal106.deri.ie:8018/api/4",
      "http://www.w3.org/1999/02/22-rdf-syntax-ns#type" : [ "http://www.w3.org/ns.sosa/Sensor", {
        "@id" : "iiot:IoTDevice"
      } ],
      "sosa:IsHostedBy" : {
        "@id" : "InterIoT:example-platform1"
      }
    }, {
      "@id" : "http://srvgal106.deri.ie:8018/api/40",
      "iiot:hasName" : "http://srvgal106.deri.ie:8018/api/40",
      "http://www.w3.org/1999/02/22-rdf-syntax-ns#type" : [ "http://www.w3.org/ns.sosa/Sensor", {
        "@id" : "iiot:IoTDevice"
      } ],
      "sosa:IsHostedBy" : {
        "@id" : "InterIoT:example-platform1"
      }
    }, {
      "@id" : "http://srvgal106.deri.ie:8018/api/41",
      "iiot:hasName" : "http://srvgal106.deri.ie:8018/api/41",
      "http://www.w3.org/1999/02/22-rdf-syntax-ns#type" : [ "http://www.w3.org/ns.sosa/Sensor", {
        "@id" : "iiot:IoTDevice"
      } ],
      "sosa:IsHostedBy" : {
        "@id" : "InterIoT:example-platform1"
      }
    }, {
      "@id" : "http://srvgal106.deri.ie:8018/api/42",
      "iiot:hasName" : "http://srvgal106.deri.ie:8018/api/42",
      "http://www.w3.org/1999/02/22-rdf-syntax-ns#type" : [ "http://www.w3.org/ns.sosa/Sensor", {
        "@id" : "iiot:IoTDevice"
      } ],
      "sosa:IsHostedBy" : {
        "@id" : "InterIoT:example-platform1"
      }
    }, {
      "@id" : "http://srvgal106.deri.ie:8018/api/43",
      "iiot:hasName" : "http://srvgal106.deri.ie:8018/api/43",
      "http://www.w3.org/1999/02/22-rdf-syntax-ns#type" : [ "http://www.w3.org/ns.sosa/Sensor", {
        "@id" : "iiot:IoTDevice"
      } ],
      "sosa:IsHostedBy" : {
        "@id" : "InterIoT:example-platform1"
      }
    }, {
      "@id" : "http://srvgal106.deri.ie:8018/api/44",
      "iiot:hasName" : "http://srvgal106.deri.ie:8018/api/44",
      "http://www.w3.org/1999/02/22-rdf-syntax-ns#type" : [ "http://www.w3.org/ns.sosa/Sensor", {
        "@id" : "iiot:IoTDevice"
      } ],
      "sosa:IsHostedBy" : {
        "@id" : "InterIoT:example-platform1"
      }
    }, {
      "@id" : "http://srvgal106.deri.ie:8018/api/45",
      "iiot:hasName" : "http://srvgal106.deri.ie:8018/api/45",
      "http://www.w3.org/1999/02/22-rdf-syntax-ns#type" : [ "http://www.w3.org/ns.sosa/Sensor", {
        "@id" : "iiot:IoTDevice"
      } ],
      "sosa:IsHostedBy" : {
        "@id" : "InterIoT:example-platform1"
      }
    }, {
      "@id" : "http://srvgal106.deri.ie:8018/api/5",
      "iiot:hasName" : "http://srvgal106.deri.ie:8018/api/5",
      "http://www.w3.org/1999/02/22-rdf-syntax-ns#type" : [ "http://www.w3.org/ns.sosa/Sensor", {
        "@id" : "iiot:IoTDevice"
      } ],
      "sosa:IsHostedBy" : {
        "@id" : "InterIoT:example-platform1"
      }
    }, {
      "@id" : "http://srvgal106.deri.ie:8018/api/52",
      "iiot:hasName" : "http://srvgal106.deri.ie:8018/api/ihealth calories burned",
      "http://www.w3.org/1999/02/22-rdf-syntax-ns#type" : [ "http://www.w3.org/ns.sosa/Sensor", {
        "@id" : "iiot:IoTDevice"
      } ],
      "sosa:IsHostedBy" : {
        "@id" : "InterIoT:example-platform1"
      }
    }, {
      "@id" : "http://srvgal106.deri.ie:8018/api/53",
      "iiot:hasName" : "http://srvgal106.deri.ie:8018/api/ihealth activity",
      "http://www.w3.org/1999/02/22-rdf-syntax-ns#type" : [ "http://www.w3.org/ns.sosa/Sensor", {
        "@id" : "iiot:IoTDevice"
      } ],
      "sosa:IsHostedBy" : {
        "@id" : "InterIoT:example-platform1"
      }
    }, {
      "@id" : "http://srvgal106.deri.ie:8018/api/54",
      "iiot:hasName" : "http://srvgal106.deri.ie:8018/api/ihealth weight",
      "http://www.w3.org/1999/02/22-rdf-syntax-ns#type" : [ "http://www.w3.org/ns.sosa/Sensor", {
        "@id" : "iiot:IoTDevice"
      } ],
      "sosa:IsHostedBy" : {
        "@id" : "InterIoT:example-platform1"
      }
    }, {
      "@id" : "http://srvgal106.deri.ie:8018/api/55",
      "iiot:hasName" : "http://srvgal106.deri.ie:8018/api/ihealth sleep",
      "http://www.w3.org/1999/02/22-rdf-syntax-ns#type" : [ "http://www.w3.org/ns.sosa/Sensor", {
        "@id" : "iiot:IoTDevice"
      } ],
      "sosa:IsHostedBy" : {
        "@id" : "InterIoT:example-platform1"
      }
    }, {
      "@id" : "http://srvgal106.deri.ie:8018/api/56",
      "iiot:hasName" : "http://srvgal106.deri.ie:8018/api/ihealth pulse oximeter",
      "http://www.w3.org/1999/02/22-rdf-syntax-ns#type" : [ "http://www.w3.org/ns.sosa/Sensor", {
        "@id" : "iiot:IoTDevice"
      } ],
      "sosa:IsHostedBy" : {
        "@id" : "InterIoT:example-platform1"
      }
    }, {
      "@id" : "http://srvgal106.deri.ie:8018/api/57",
      "iiot:hasName" : "http://srvgal106.deri.ie:8018/api/Health DIA",
      "http://www.w3.org/1999/02/22-rdf-syntax-ns#type" : [ "http://www.w3.org/ns.sosa/Sensor", {
        "@id" : "iiot:IoTDevice"
      } ],
      "sosa:IsHostedBy" : {
        "@id" : "InterIoT:example-platform1"
      }
    }, {
      "@id" : "http://srvgal106.deri.ie:8018/api/58",
      "iiot:hasName" : "http://srvgal106.deri.ie:8018/api/Health SYS",
      "http://www.w3.org/1999/02/22-rdf-syntax-ns#type" : [ "http://www.w3.org/ns.sosa/Sensor", {
        "@id" : "iiot:IoTDevice"
      } ],
      "sosa:IsHostedBy" : {
        "@id" : "InterIoT:example-platform1"
      }
    }, {
      "@id" : "http://srvgal106.deri.ie:8018/api/59",
      "iiot:hasName" : "http://srvgal106.deri.ie:8018/api/Health SpO2",
      "http://www.w3.org/1999/02/22-rdf-syntax-ns#type" : [ "http://www.w3.org/ns.sosa/Sensor", {
        "@id" : "iiot:IoTDevice"
      } ],
      "sosa:IsHostedBy" : {
        "@id" : "InterIoT:example-platform1"
      }
    }, {
      "@id" : "http://srvgal106.deri.ie:8018/api/6",
      "iiot:hasName" : "http://srvgal106.deri.ie:8018/api/6",
      "http://www.w3.org/1999/02/22-rdf-syntax-ns#type" : [ "http://www.w3.org/ns.sosa/Sensor", {
        "@id" : "iiot:IoTDevice"
      } ],
      "sosa:IsHostedBy" : {
        "@id" : "InterIoT:example-platform1"
      }
    }, {
      "@id" : "http://srvgal106.deri.ie:8018/api/7",
      "iiot:hasName" : "http://srvgal106.deri.ie:8018/api/7",
      "http://www.w3.org/1999/02/22-rdf-syntax-ns#type" : [ "http://www.w3.org/ns.sosa/Sensor", {
        "@id" : "iiot:IoTDevice"
      } ],
      "sosa:IsHostedBy" : {
        "@id" : "InterIoT:example-platform1"
      }
    }, {
      "@id" : "http://srvgal106.deri.ie:8018/api/8",
      "iiot:hasName" : "http://srvgal106.deri.ie:8018/api/8",
      "http://www.w3.org/1999/02/22-rdf-syntax-ns#type" : [ "http://www.w3.org/ns.sosa/Sensor", {
        "@id" : "iiot:IoTDevice"
      } ],
      "sosa:IsHostedBy" : {
        "@id" : "InterIoT:example-platform1"
      }
    }, {
      "@id" : "http://srvgal106.deri.ie:8018/api/9",
      "iiot:hasName" : "http://srvgal106.deri.ie:8018/api/9",
      "http://www.w3.org/1999/02/22-rdf-syntax-ns#type" : [ "http://www.w3.org/ns.sosa/Sensor", {
        "@id" : "iiot:IoTDevice"
      } ],
      "sosa:IsHostedBy" : {
        "@id" : "InterIoT:example-platform1"
      }
    } ],
    "@id" : "msg:payload"
  } ],
  "@context" : {
    "msg" : "http://inter-iot.eu/message/",
    "iiotex" : "http://inter-iot.eu/GOIoTPex#",
    "geosparql" : "http://www.opengis.net/ont/geosparql#",
    "iiot" : "http://inter-iot.eu/GOIoTP#",
    "InterIoT" : "http://inter-iot.eu/",
    "ssn" : "http://www.w3.org/ns/ssn/",
    "sosa" : "http://www.w3.org/ns/sosa/"
  }
}

2020-02-15 18:31:12 INFO  MessageTypesEnum.LIST_DEVICES:http://inter-iot.eu/message/Discovery_List
2020-02-15 18:31:12 DEBUG subscribe() started.
2020-02-15 18:31:12 DEBUG Subscribing to devices [http://srvgal106.deri.ie:8018/api/sensor/59] with conversationId conv614d3621-7399-45b1-bf2f-505b24045ea74...
2020-02-15 18:31:12 DEBUG CookieSpec selected: default
2020-02-15 18:31:12 DEBUG Auth cache not set in the context
2020-02-15 18:31:12 DEBUG Connection request: [route: {}->http://srvgal106.deri.ie:8018][total kept alive: 0; route allocated: 0 of 2; total allocated: 0 of 20]
2020-02-15 18:31:12 DEBUG Connection leased: [id: 1][route: {}->http://srvgal106.deri.ie:8018][total kept alive: 0; route allocated: 1 of 2; total allocated: 1 of 20]
2020-02-15 18:31:12 DEBUG Opening connection {}->http://srvgal106.deri.ie:8018
2020-02-15 18:31:12 DEBUG Connecting to srvgal106.deri.ie/140.203.154.235:8018
2020-02-15 18:31:12 DEBUG Connection established 10.196.2.56:59600<->140.203.154.235:8018
2020-02-15 18:31:12 DEBUG Executing request POST /api/subscriptions HTTP/1.1
2020-02-15 18:31:12 DEBUG Target auth state: UNCHALLENGED
2020-02-15 18:31:12 DEBUG Proxy auth state: UNCHALLENGED
2020-02-15 18:31:12 DEBUG http-outgoing-1 >> POST /api/subscriptions HTTP/1.1
2020-02-15 18:31:12 DEBUG http-outgoing-1 >> Content-Length: 168
2020-02-15 18:31:12 DEBUG http-outgoing-1 >> Content-Type: application/json
2020-02-15 18:31:12 DEBUG http-outgoing-1 >> Host: srvgal106.deri.ie:8018
2020-02-15 18:31:12 DEBUG http-outgoing-1 >> Connection: Keep-Alive
2020-02-15 18:31:12 DEBUG http-outgoing-1 >> User-Agent: Apache-HttpClient/4.5.6 (Java/1.8.0_91)
2020-02-15 18:31:12 DEBUG http-outgoing-1 >> Accept-Encoding: gzip,deflate
2020-02-15 18:31:12 DEBUG http-outgoing-1 >> "POST /api/subscriptions HTTP/1.1[\r][\n]"
2020-02-15 18:31:12 DEBUG http-outgoing-1 >> "Content-Length: 168[\r][\n]"
2020-02-15 18:31:12 DEBUG http-outgoing-1 >> "Content-Type: application/json[\r][\n]"
2020-02-15 18:31:12 DEBUG http-outgoing-1 >> "Host: srvgal106.deri.ie:8018[\r][\n]"
2020-02-15 18:31:12 DEBUG http-outgoing-1 >> "Connection: Keep-Alive[\r][\n]"
2020-02-15 18:31:12 DEBUG http-outgoing-1 >> "User-Agent: Apache-HttpClient/4.5.6 (Java/1.8.0_91)[\r][\n]"
2020-02-15 18:31:12 DEBUG http-outgoing-1 >> "Accept-Encoding: gzip,deflate[\r][\n]"
2020-02-15 18:31:12 DEBUG http-outgoing-1 >> "[\r][\n]"
2020-02-15 18:31:12 DEBUG http-outgoing-1 >> "{"callBackURL":"http://10.196.2.56:8981/conv614d3621-7399-45b1-bf2f-505b24045ea74","conversationId":"conv614d3621-7399-45b1-bf2f-505b24045ea74","sensors":[{"id":"59"}]}"
2020-02-15 18:31:12 DEBUG http-outgoing-1 << "HTTP/1.1 201 Created[\r][\n]"
2020-02-15 18:31:12 DEBUG http-outgoing-1 << "Expires: 0[\r][\n]"
2020-02-15 18:31:12 DEBUG http-outgoing-1 << "Cache-Control: no-cache, no-store, max-age=0, must-revalidate[\r][\n]"
2020-02-15 18:31:12 DEBUG http-outgoing-1 << "X-openIoTServiceApp-params: 120[\r][\n]"
2020-02-15 18:31:12 DEBUG http-outgoing-1 << "X-XSS-Protection: 1; mode=block[\r][\n]"
2020-02-15 18:31:12 DEBUG http-outgoing-1 << "Pragma: no-cache[\r][\n]"
2020-02-15 18:31:12 DEBUG http-outgoing-1 << "Location: /api/subscriptions/120[\r][\n]"
2020-02-15 18:31:12 DEBUG http-outgoing-1 << "Date: Sat, 15 Feb 2020 18:31:12 GMT[\r][\n]"
2020-02-15 18:31:12 DEBUG http-outgoing-1 << "Connection: keep-alive[\r][\n]"
2020-02-15 18:31:12 DEBUG http-outgoing-1 << "X-Content-Type-Options: nosniff[\r][\n]"
2020-02-15 18:31:12 DEBUG http-outgoing-1 << "Transfer-Encoding: chunked[\r][\n]"
2020-02-15 18:31:12 DEBUG http-outgoing-1 << "X-openIoTServiceApp-alert: A new subscription is created with identifier 120[\r][\n]"
2020-02-15 18:31:12 DEBUG http-outgoing-1 << "Content-Type: application/json;charset=UTF-8[\r][\n]"
2020-02-15 18:31:12 DEBUG http-outgoing-1 << "X-Application-Context: OpenIoTService:no-liquibase,dev,swagger:8018[\r][\n]"
2020-02-15 18:31:12 DEBUG http-outgoing-1 << "[\r][\n]"
2020-02-15 18:31:12 DEBUG http-outgoing-1 << "0581[\r][\n]"
2020-02-15 18:31:12 DEBUG http-outgoing-1 << "{[\n]"
2020-02-15 18:31:12 DEBUG http-outgoing-1 << "  "id" : 120,[\n]"
2020-02-15 18:31:12 DEBUG http-outgoing-1 << "  "conversationId" : "conv614d3621-7399-45b1-bf2f-505b24045ea74",[\n]"
2020-02-15 18:31:12 DEBUG http-outgoing-1 << "  "callBackURL" : "http://10.196.2.56:8981/conv614d3621-7399-45b1-bf2f-505b24045ea74",[\n]"
2020-02-15 18:31:12 DEBUG http-outgoing-1 << "  "sensors" : [ {[\n]"
2020-02-15 18:31:12 DEBUG http-outgoing-1 << "    "id" : 59,[\n]"
2020-02-15 18:31:12 DEBUG http-outgoing-1 << "    "name" : "Health SpO2",[\n]"
2020-02-15 18:31:12 DEBUG http-outgoing-1 << "    "sensorId" : "ihealth_8",[\n]"
2020-02-15 18:31:12 DEBUG http-outgoing-1 << "    "unit" : "SpO2",[\n]"
2020-02-15 18:31:12 DEBUG http-outgoing-1 << "    "sensorType" : "ihealth SpO2",[\n]"
2020-02-15 18:31:12 DEBUG http-outgoing-1 << "    "source" : "ihealth_lab",[\n]"
2020-02-15 18:31:12 DEBUG http-outgoing-1 << "    "latitude" : 53.290836,[\n]"
2020-02-15 18:31:12 DEBUG http-outgoing-1 << "    "longitude" : -9.074329,[\n]"
2020-02-15 18:31:12 DEBUG http-outgoing-1 << "    "created" : "2019-08-23T08:59:56Z",[\n]"
2020-02-15 18:31:12 DEBUG http-outgoing-1 << "    "updated" : "2019-08-23T08:59:56Z",[\n]"
2020-02-15 18:31:12 DEBUG http-outgoing-1 << "    "place" : {[\n]"
2020-02-15 18:31:12 DEBUG http-outgoing-1 << "      "id" : 2,[\n]"
2020-02-15 18:31:12 DEBUG http-outgoing-1 << "      "address" : "Galway Business Park",[\n]"
2020-02-15 18:31:12 DEBUG http-outgoing-1 << "      "city" : "Galway",[\n]"
2020-02-15 18:31:12 DEBUG http-outgoing-1 << "      "country" : "Ireland",[\n]"
2020-02-15 18:31:12 DEBUG http-outgoing-1 << "      "latitude" : 51.243343,[\n]"
2020-02-15 18:31:12 DEBUG http-outgoing-1 << "      "longitude" : -0.5932438,[\n]"
2020-02-15 18:31:12 DEBUG http-outgoing-1 << "      "province" : "Country Galway",[\n]"
2020-02-15 18:31:12 DEBUG http-outgoing-1 << "      "continent" : "Europe",[\n]"
2020-02-15 18:31:12 DEBUG http-outgoing-1 << "      "infos" : "Galway",[\n]"
2020-02-15 18:31:12 DEBUG http-outgoing-1 << "      "created" : "2018-09-21T12:16:26Z",[\n]"
2020-02-15 18:31:12 DEBUG http-outgoing-1 << "      "updated" : null[\n]"
2020-02-15 18:31:12 DEBUG http-outgoing-1 << "    },[\n]"
2020-02-15 18:31:12 DEBUG http-outgoing-1 << "    "platform" : {[\n]"
2020-02-15 18:31:12 DEBUG http-outgoing-1 << "      "id" : 7,[\n]"
2020-02-15 18:31:12 DEBUG http-outgoing-1 << "      "name" : "Smart Health Services",[\n]"
2020-02-15 18:31:12 DEBUG http-outgoing-1 << "      "logo" : null,[\n]"
2020-02-15 18:31:12 DEBUG http-outgoing-1 << "      "logoImage" : null,[\n]"
2020-02-15 18:31:12 DEBUG http-outgoing-1 << "      "logoImageContentType" : null,[\n]"
2020-02-15 18:31:12 DEBUG http-outgoing-1 << "      "about" : "Health sensors",[\n]"
2020-02-15 18:31:12 DEBUG http-outgoing-1 << "      "address" : "IDA Business Park, Newcastle, Galway",[\n]"
2020-02-15 18:31:12 DEBUG http-outgoing-1 << "      "url" : "https://ihealthlabs.com",[\n]"
2020-02-15 18:31:12 DEBUG http-outgoing-1 << "      "latitude" : 53.27096,[\n]"
2020-02-15 18:31:12 DEBUG http-outgoing-1 << "      "longitude" : -9.062691,[\n]"
2020-02-15 18:31:12 DEBUG http-outgoing-1 << "      "platformId" : "ihealthlab",[\n]"
2020-02-15 18:31:12 DEBUG http-outgoing-1 << "      "created" : "2019-08-23T08:50:46Z",[\n]"
2020-02-15 18:31:12 DEBUG http-outgoing-1 << "      "updated" : null[\n]"
2020-02-15 18:31:12 DEBUG http-outgoing-1 << "    },[\n]"
2020-02-15 18:31:12 DEBUG http-outgoing-1 << "    "category" : {[\n]"
2020-02-15 18:31:12 DEBUG http-outgoing-1 << "      "id" : 2,[\n]"
2020-02-15 18:31:12 DEBUG http-outgoing-1 << "      "name" : "Health",[\n]"
2020-02-15 18:31:12 DEBUG http-outgoing-1 << "      "description" : "Health monitor"[\n]"
2020-02-15 18:31:12 DEBUG http-outgoing-1 << "    }[\n]"
2020-02-15 18:31:12 DEBUG http-outgoing-1 << "  } ][\n]"
2020-02-15 18:31:12 DEBUG http-outgoing-1 << "}[\r][\n]"
2020-02-15 18:31:12 DEBUG http-outgoing-1 << HTTP/1.1 201 Created
2020-02-15 18:31:12 DEBUG http-outgoing-1 << Expires: 0
2020-02-15 18:31:12 DEBUG http-outgoing-1 << Cache-Control: no-cache, no-store, max-age=0, must-revalidate
2020-02-15 18:31:12 DEBUG http-outgoing-1 << X-openIoTServiceApp-params: 120
2020-02-15 18:31:12 DEBUG http-outgoing-1 << X-XSS-Protection: 1; mode=block
2020-02-15 18:31:12 DEBUG http-outgoing-1 << Pragma: no-cache
2020-02-15 18:31:12 DEBUG http-outgoing-1 << Location: /api/subscriptions/120
2020-02-15 18:31:12 DEBUG http-outgoing-1 << Date: Sat, 15 Feb 2020 18:31:12 GMT
2020-02-15 18:31:12 DEBUG http-outgoing-1 << Connection: keep-alive
2020-02-15 18:31:12 DEBUG http-outgoing-1 << X-Content-Type-Options: nosniff
2020-02-15 18:31:12 DEBUG http-outgoing-1 << Transfer-Encoding: chunked
2020-02-15 18:31:12 DEBUG http-outgoing-1 << X-openIoTServiceApp-alert: A new subscription is created with identifier 120
2020-02-15 18:31:12 DEBUG http-outgoing-1 << Content-Type: application/json;charset=UTF-8
2020-02-15 18:31:12 DEBUG http-outgoing-1 << X-Application-Context: OpenIoTService:no-liquibase,dev,swagger:8018
2020-02-15 18:31:12 DEBUG Connection can be kept alive indefinitely
2020-02-15 18:31:12 DEBUG Received response from the platform: HTTP/1.1 201 Created
2020-02-15 18:31:12 DEBUG Cancelling request execution
2020-02-15 18:31:12 DEBUG http-outgoing-1: Shutdown connection
2020-02-15 18:31:12 DEBUG Connection discarded
2020-02-15 18:31:12 DEBUG Connection released: [id: 1][route: {}->http://srvgal106.deri.ie:8018][total kept alive: 0; route allocated: 0 of 2; total allocated: 0 of 20]
2020-02-15 18:31:12 DEBUG Creating callback listener for conversation conv614d3621-7399-45b1-bf2f-505b24045ea74 listening at http://10.196.2.56:8981/conv614d3621-7399-45b1-bf2f-505b24045ea74...
2020-02-15 18:31:12 DEBUG Adds route: post, conv614d3621-7399-45b1-bf2f-505b24045ea74, spark.RouteImpl$1@783115d9
2020-02-15 18:31:12 DEBUG Subscribed successfully to devices [http://srvgal106.deri.ie:8018/api/sensor/59] with conversationId conv614d3621-7399-45b1-bf2f-505b24045ea74...
2020-02-15 18:31:12 DEBUG Lock : main
2020-02-15 18:31:12 DEBUG Lock : main
2020-02-15 18:31:12 DEBUG Logging to org.slf4j.impl.Log4jLoggerAdapter(org.eclipse.jetty.util.log) via org.eclipse.jetty.util.log.Slf4jLog
2020-02-15 18:31:12 INFO  Logging initialized @3691ms
2020-02-15 18:31:12 DEBUG spark.embeddedserver.jetty.JettyHandler@1a779168 added {org.eclipse.jetty.server.session.HashSessionManager@148adb84,AUTO}
2020-02-15 18:31:12 DEBUG org.eclipse.jetty.server.Server@4904959a added {qtp620534464{STOPPED,8<=0<=200,i=0,q=0},AUTO}
2020-02-15 18:31:12 DEBUG HttpConnectionFactory@5cf0d4a7[HTTP/1.1] added {HttpConfiguration@57ef7d5f{32768/8192,8192/8192,https://:0,[]},POJO}
2020-02-15 18:31:12 DEBUG ServerConnector@3a1f33bd{null,[]}{0.0.0.0:0} added {org.eclipse.jetty.server.Server@4904959a,UNMANAGED}
2020-02-15 18:31:12 DEBUG ServerConnector@3a1f33bd{null,[]}{0.0.0.0:0} added {qtp620534464{STOPPED,8<=0<=200,i=0,q=0},AUTO}
2020-02-15 18:31:12 DEBUG ServerConnector@3a1f33bd{null,[]}{0.0.0.0:0} added {org.eclipse.jetty.util.thread.ScheduledExecutorScheduler@47cd68ce,AUTO}
2020-02-15 18:31:12 DEBUG ServerConnector@3a1f33bd{null,[]}{0.0.0.0:0} added {org.eclipse.jetty.io.ArrayByteBufferPool@46ae28f7,POJO}
2020-02-15 18:31:12 DEBUG ServerConnector@3a1f33bd{null,[http/1.1]}{0.0.0.0:0} added {HttpConnectionFactory@5cf0d4a7[HTTP/1.1],AUTO}
2020-02-15 18:31:12 DEBUG ServerConnector@3a1f33bd{HTTP/1.1,[http/1.1]}{0.0.0.0:0} added HttpConnectionFactory@5cf0d4a7[HTTP/1.1]
2020-02-15 18:31:12 DEBUG ServerConnector@3a1f33bd{HTTP/1.1,[http/1.1]}{0.0.0.0:0} added {org.eclipse.jetty.server.ServerConnector$ServerConnectorManager@1e38742,MANAGED}
2020-02-15 18:31:12 DEBUG org.eclipse.jetty.server.Server@4904959a added {ServerConnector@3a1f33bd{HTTP/1.1,[http/1.1]}{0.0.0.0:8981},AUTO}
2020-02-15 18:31:12 DEBUG org.eclipse.jetty.server.Server@4904959a added {spark.embeddedserver.jetty.JettyHandler@1a779168,MANAGED}
2020-02-15 18:31:12 INFO  == Spark has ignited ...
2020-02-15 18:31:12 INFO  >> Listening on 0.0.0.0:8981
2020-02-15 18:31:12 DEBUG starting org.eclipse.jetty.server.Server@4904959a
2020-02-15 18:31:12 INFO  jetty-9.3.6.v20151106
2020-02-15 18:31:12 DEBUG starting org.eclipse.jetty.server.Server@4904959a
2020-02-15 18:31:12 DEBUG starting qtp620534464{STOPPED,8<=0<=200,i=0,q=0}
2020-02-15 18:31:12 DEBUG STARTED @3773ms qtp620534464{STARTED,8<=8<=200,i=7,q=0}
2020-02-15 18:31:12 DEBUG starting spark.embeddedserver.jetty.JettyHandler@1a779168
2020-02-15 18:31:12 DEBUG starting spark.embeddedserver.jetty.JettyHandler@1a779168
2020-02-15 18:31:12 DEBUG starting org.eclipse.jetty.server.session.HashSessionManager@148adb84
2020-02-15 18:31:12 DEBUG org.eclipse.jetty.server.session.HashSessionManager@148adb84 added {org.eclipse.jetty.util.thread.ScheduledExecutorScheduler@7c3fa028,MANAGED}
2020-02-15 18:31:12 DEBUG starting org.eclipse.jetty.server.session.HashSessionIdManager@46b326a4
2020-02-15 18:31:12 DEBUG STARTED @3782ms org.eclipse.jetty.server.session.HashSessionIdManager@46b326a4
2020-02-15 18:31:12 DEBUG org.eclipse.jetty.server.Server@4904959a added {org.eclipse.jetty.server.session.HashSessionIdManager@46b326a4,MANAGED}
2020-02-15 18:31:12 DEBUG org.eclipse.jetty.server.session.HashSessionManager@148adb84 added {org.eclipse.jetty.server.session.HashSessionIdManager@46b326a4,UNMANAGED}
2020-02-15 18:31:12 DEBUG starting org.eclipse.jetty.util.thread.ScheduledExecutorScheduler@7c3fa028
2020-02-15 18:31:12 DEBUG STARTED @3785ms org.eclipse.jetty.util.thread.ScheduledExecutorScheduler@7c3fa028
2020-02-15 18:31:12 DEBUG STARTED @3787ms org.eclipse.jetty.server.session.HashSessionManager@148adb84
2020-02-15 18:31:12 DEBUG STARTED @3787ms spark.embeddedserver.jetty.JettyHandler@1a779168
2020-02-15 18:31:12 DEBUG starting ServerConnector@3a1f33bd{HTTP/1.1,[http/1.1]}{0.0.0.0:8981}
2020-02-15 18:31:12 DEBUG ServerConnector@3a1f33bd{HTTP/1.1,[http/1.1]}{0.0.0.0:8981} added {sun.nio.ch.ServerSocketChannelImpl[/0:0:0:0:0:0:0:0:8981],POJO}
2020-02-15 18:31:12 DEBUG starting org.eclipse.jetty.util.thread.ScheduledExecutorScheduler@47cd68ce
2020-02-15 18:31:12 DEBUG STARTED @3808ms org.eclipse.jetty.util.thread.ScheduledExecutorScheduler@47cd68ce
2020-02-15 18:31:12 DEBUG starting HttpConnectionFactory@5cf0d4a7[HTTP/1.1]
2020-02-15 18:31:12 DEBUG STARTED @3808ms HttpConnectionFactory@5cf0d4a7[HTTP/1.1]
2020-02-15 18:31:12 DEBUG starting org.eclipse.jetty.server.ServerConnector$ServerConnectorManager@1e38742
2020-02-15 18:31:12 DEBUG starting org.eclipse.jetty.io.ManagedSelector@112dff1 id=0 keys=-1 selected=-1
2020-02-15 18:31:12 DEBUG STARTED @3816ms org.eclipse.jetty.io.ManagedSelector@112dff1 id=0 keys=0 selected=0
2020-02-15 18:31:12 DEBUG queue org.eclipse.jetty.io.ManagedSelector@112dff1 id=0 keys=0 selected=0
2020-02-15 18:31:12 DEBUG starting org.eclipse.jetty.io.ManagedSelector@39b9b5f9 id=1 keys=-1 selected=-1
2020-02-15 18:31:12 DEBUG run org.eclipse.jetty.io.ManagedSelector@112dff1 id=0 keys=0 selected=0
2020-02-15 18:31:12 DEBUG STARTED @3817ms org.eclipse.jetty.io.ManagedSelector@39b9b5f9 id=1 keys=0 selected=0
2020-02-15 18:31:12 DEBUG EPR Idle/org.eclipse.jetty.io.ManagedSelector$SelectorProducer@40def51a execute
2020-02-15 18:31:12 DEBUG queue org.eclipse.jetty.io.ManagedSelector@39b9b5f9 id=1 keys=0 selected=0
2020-02-15 18:31:12 DEBUG EPR Prod/org.eclipse.jetty.io.ManagedSelector$SelectorProducer@40def51a produce enter
2020-02-15 18:31:12 DEBUG STARTED @3817ms org.eclipse.jetty.server.ServerConnector$ServerConnectorManager@1e38742
2020-02-15 18:31:12 DEBUG run org.eclipse.jetty.io.ManagedSelector@39b9b5f9 id=1 keys=0 selected=0
2020-02-15 18:31:12 DEBUG EPR Prod/org.eclipse.jetty.io.ManagedSelector$SelectorProducer@40def51a producing
2020-02-15 18:31:12 DEBUG EPR Idle/org.eclipse.jetty.io.ManagedSelector$SelectorProducer@7e519f21 execute
2020-02-15 18:31:12 DEBUG EPR Prod/org.eclipse.jetty.io.ManagedSelector$SelectorProducer@7e519f21 produce enter
2020-02-15 18:31:12 DEBUG Selector loop waiting on select
2020-02-15 18:31:12 DEBUG EPR Prod/org.eclipse.jetty.io.ManagedSelector$SelectorProducer@7e519f21 producing
2020-02-15 18:31:12 DEBUG Selector loop waiting on select
2020-02-15 18:31:12 DEBUG ServerConnector@3a1f33bd{HTTP/1.1,[http/1.1]}{0.0.0.0:8981} added {acceptor-0@64cfb021,POJO}
2020-02-15 18:31:12 DEBUG queue acceptor-0@64cfb021
2020-02-15 18:31:12 DEBUG run acceptor-0@64cfb021
2020-02-15 18:31:12 INFO  Started ServerConnector@3a1f33bd{HTTP/1.1,[http/1.1]}{0.0.0.0:8981}
2020-02-15 18:31:12 DEBUG STARTED @3819ms ServerConnector@3a1f33bd{HTTP/1.1,[http/1.1]}{0.0.0.0:8981}
2020-02-15 18:31:12 INFO  Started @3819ms
2020-02-15 18:31:12 DEBUG STARTED @3819ms org.eclipse.jetty.server.Server@4904959a
2020-02-15 18:31:17 DEBUG Queued change org.eclipse.jetty.io.ManagedSelector$Accept@7c1321ea on org.eclipse.jetty.io.ManagedSelector@112dff1 id=0 keys=0 selected=0
2020-02-15 18:31:17 DEBUG Selector loop woken up from select, 0/0 selected
2020-02-15 18:31:17 DEBUG Running change org.eclipse.jetty.io.ManagedSelector$Accept@7c1321ea
2020-02-15 18:31:17 DEBUG Queued change org.eclipse.jetty.io.ManagedSelector$CreateEndPoint@6f0be605 on org.eclipse.jetty.io.ManagedSelector@112dff1 id=0 keys=1 selected=0
2020-02-15 18:31:17 DEBUG EPR Prod/org.eclipse.jetty.io.ManagedSelector$SelectorProducer@40def51a produced org.eclipse.jetty.io.ManagedSelector$CreateEndPoint@6f0be605
2020-02-15 18:31:17 DEBUG EPR Pend/org.eclipse.jetty.io.ManagedSelector$SelectorProducer@40def51a dispatch
2020-02-15 18:31:17 DEBUG queue EPR Pend/org.eclipse.jetty.io.ManagedSelector$SelectorProducer@40def51a
2020-02-15 18:31:17 DEBUG EPR Pend/org.eclipse.jetty.io.ManagedSelector$SelectorProducer@40def51a run org.eclipse.jetty.io.ManagedSelector$CreateEndPoint@6f0be605
2020-02-15 18:31:17 DEBUG run EPR Pend/org.eclipse.jetty.io.ManagedSelector$SelectorProducer@40def51a
2020-02-15 18:31:17 DEBUG EPR Pend/org.eclipse.jetty.io.ManagedSelector$SelectorProducer@40def51a run
2020-02-15 18:31:17 DEBUG EPR Prod/org.eclipse.jetty.io.ManagedSelector$SelectorProducer@40def51a produce enter
2020-02-15 18:31:17 DEBUG EPR Prod/org.eclipse.jetty.io.ManagedSelector$SelectorProducer@40def51a producing
2020-02-15 18:31:17 DEBUG Selector loop waiting on select
2020-02-15 18:31:17 DEBUG onOpen SelectChannelEndPoint@7578d1e{/140.203.154.235:54959<->8981,Open,in,out,-,-,3/3600000,null}{io=0/0,kio=0,kro=0}
2020-02-15 18:31:17 DEBUG SelectChannelEndPoint@7578d1e{/140.203.154.235:54959<->8981,Open,in,out,-,-,4/3600000,null}{io=0/0,kio=0,kro=0} idle timeout check, elapsed: 4 ms, remaining: 3599996 ms
2020-02-15 18:31:17 DEBUG HttpField encoders loaded: [org.eclipse.jetty.http.Http1FieldPreEncoder@57debe47]
2020-02-15 18:31:17 DEBUG new HttpChannelOverHttp@31010cce{r=0,c=false,a=IDLE,uri=null} -> SelectChannelEndPoint@7578d1e{/140.203.154.235:54959<->8981,Open,in,out,-,-,34/3600000,null}{io=0/0,kio=0,kro=0},null,HttpChannelState@556ae78b{s=IDLE a=null i=true r=!P!U w=false}
2020-02-15 18:31:17 DEBUG New HTTP Connection HttpConnection@63b39329[SelectChannelEndPoint@7578d1e{/140.203.154.235:54959<->8981,Open,in,out,-,-,42/3600000,null}{io=0/0,kio=0,kro=0}][p=HttpParser{s=START,0 of 0},g=HttpGenerator@7c4da80c{s=START},c=HttpChannelOverHttp@31010cce{r=0,c=false,a=IDLE,uri=null}]
2020-02-15 18:31:17 DEBUG onOpen HttpConnection@63b39329[SelectChannelEndPoint@7578d1e{/140.203.154.235:54959<->8981,Open,in,out,-,-,45/3600000,HttpConnection}{io=0/0,kio=0,kro=0}][p=HttpParser{s=START,0 of 0},g=HttpGenerator@7c4da80c{s=START},c=HttpChannelOverHttp@31010cce{r=0,c=false,a=IDLE,uri=null}]
2020-02-15 18:31:17 DEBUG fillInterested HttpConnection@63b39329[SelectChannelEndPoint@7578d1e{/140.203.154.235:54959<->8981,Open,in,out,-,-,47/3600000,HttpConnection}{io=0/0,kio=0,kro=0}][p=HttpParser{s=START,0 of 0},g=HttpGenerator@7c4da80c{s=START},c=HttpChannelOverHttp@31010cce{r=0,c=false,a=IDLE,uri=null}]
2020-02-15 18:31:17 DEBUG FillInterest@50a023c3{true,AC.ReadCB@63b39329{HttpConnection@63b39329[SelectChannelEndPoint@7578d1e{/140.203.154.235:54959<->8981,Open,in,out,FI,-,1/3600000,HttpConnection}{io=0/0,kio=0,kro=0}][p=HttpParser{s=START,0 of 0},g=HttpGenerator@7c4da80c{s=START},c=HttpChannelOverHttp@31010cce{r=0,c=false,a=IDLE,uri=null}]}} register AC.ReadCB@63b39329{HttpConnection@63b39329[SelectChannelEndPoint@7578d1e{/140.203.154.235:54959<->8981,Open,in,out,FI,-,2/3600000,HttpConnection}{io=0/0,kio=0,kro=0}][p=HttpParser{s=START,0 of 0},g=HttpGenerator@7c4da80c{s=START},c=HttpChannelOverHttp@31010cce{r=0,c=false,a=IDLE,uri=null}]}
2020-02-15 18:31:17 DEBUG FillInterest@50a023c3{true,AC.ReadCB@63b39329{HttpConnection@63b39329[SelectChannelEndPoint@7578d1e{/140.203.154.235:54959<->8981,Open,in,out,FI,-,4/3600000,HttpConnection}{io=0/0,kio=0,kro=0}][p=HttpParser{s=START,0 of 0},g=HttpGenerator@7c4da80c{s=START},c=HttpChannelOverHttp@31010cce{r=0,c=false,a=IDLE,uri=null}]}} register AC.ReadCB@63b39329{HttpConnection@63b39329[SelectChannelEndPoint@7578d1e{/140.203.154.235:54959<->8981,Open,in,out,FI,-,5/3600000,HttpConnection}{io=0/0,kio=0,kro=0}][p=HttpParser{s=START,0 of 0},g=HttpGenerator@7c4da80c{s=START},c=HttpChannelOverHttp@31010cce{r=0,c=false,a=IDLE,uri=null}]}
2020-02-15 18:31:17 DEBUG changeInterests p=false 0->1 for SelectChannelEndPoint@7578d1e{/140.203.154.235:54959<->8981,Open,in,out,FI,-,6/3600000,HttpConnection}{io=0/1,kio=0,kro=0}
2020-02-15 18:31:17 DEBUG Queued change SelectChannelEndPoint@7578d1e{/140.203.154.235:54959<->8981,Open,in,out,FI,-,7/3600000,HttpConnection}{io=0/1,kio=0,kro=0}:runUpdateKey on org.eclipse.jetty.io.ManagedSelector@112dff1 id=0 keys=1 selected=0
2020-02-15 18:31:17 DEBUG Selector loop woken up from select, 0/1 selected
2020-02-15 18:31:17 DEBUG Running change SelectChannelEndPoint@7578d1e{/140.203.154.235:54959<->8981,Open,in,out,FI,-,9/3600000,HttpConnection}{io=0/1,kio=0,kro=0}:runUpdateKey
2020-02-15 18:31:17 DEBUG Key interests updated 0 -> 1 on SelectChannelEndPoint@7578d1e{/140.203.154.235:54959<->8981,Open,in,out,FI,-,9/3600000,HttpConnection}{io=1/1,kio=1,kro=0}
2020-02-15 18:31:17 DEBUG Selector loop waiting on select
2020-02-15 18:31:17 DEBUG Selector loop woken up from select, 1/1 selected
2020-02-15 18:31:17 DEBUG onSelected 1->0 r=true w=false for SelectChannelEndPoint@7578d1e{/140.203.154.235:54959<->8981,Open,in,out,FI,-,10/3600000,HttpConnection}{io=1/0,kio=1,kro=1}
2020-02-15 18:31:17 DEBUG task SelectChannelEndPoint@7578d1e{/140.203.154.235:54959<->8981,Open,in,out,FI,-,10/3600000,HttpConnection}{io=1/0,kio=1,kro=1}:runFillable
2020-02-15 18:31:17 DEBUG EPR Prod/org.eclipse.jetty.io.ManagedSelector$SelectorProducer@40def51a produced SelectChannelEndPoint@7578d1e{/140.203.154.235:54959<->8981,Open,in,out,FI,-,11/3600000,HttpConnection}{io=1/0,kio=1,kro=1}:runFillable
2020-02-15 18:31:17 DEBUG EPR Pend/org.eclipse.jetty.io.ManagedSelector$SelectorProducer@40def51a dispatch
2020-02-15 18:31:17 DEBUG queue EPR Pend/org.eclipse.jetty.io.ManagedSelector$SelectorProducer@40def51a
2020-02-15 18:31:17 DEBUG EPR Pend/org.eclipse.jetty.io.ManagedSelector$SelectorProducer@40def51a run SelectChannelEndPoint@7578d1e{/140.203.154.235:54959<->8981,Open,in,out,FI,-,11/3600000,HttpConnection}{io=1/0,kio=1,kro=1}:runFillable
2020-02-15 18:31:17 DEBUG run EPR Pend/org.eclipse.jetty.io.ManagedSelector$SelectorProducer@40def51a
2020-02-15 18:31:17 DEBUG EPR Pend/org.eclipse.jetty.io.ManagedSelector$SelectorProducer@40def51a run
2020-02-15 18:31:17 DEBUG EPR Prod/org.eclipse.jetty.io.ManagedSelector$SelectorProducer@40def51a produce enter
2020-02-15 18:31:17 DEBUG EPR Prod/org.eclipse.jetty.io.ManagedSelector$SelectorProducer@40def51a producing
2020-02-15 18:31:17 DEBUG Key interests updated 1 -> 0 on SelectChannelEndPoint@7578d1e{/140.203.154.235:54959<->8981,Open,in,out,FI,-,12/3600000,HttpConnection}{io=0/0,kio=0,kro=1}
2020-02-15 18:31:17 DEBUG Selector loop waiting on select
2020-02-15 18:31:17 DEBUG FillInterest@50a023c3{true,AC.ReadCB@63b39329{HttpConnection@63b39329[SelectChannelEndPoint@7578d1e{/140.203.154.235:54959<->8981,Open,in,out,FI,-,11/3600000,HttpConnection}{io=1/0,kio=1,kro=1}][p=HttpParser{s=START,0 of 0},g=HttpGenerator@7c4da80c{s=START},c=HttpChannelOverHttp@31010cce{r=0,c=false,a=IDLE,uri=null}]}} fillable AC.ReadCB@63b39329{HttpConnection@63b39329[SelectChannelEndPoint@7578d1e{/140.203.154.235:54959<->8981,Open,in,out,FI,-,12/3600000,HttpConnection}{io=1/0,kio=1,kro=1}][p=HttpParser{s=START,0 of 0},g=HttpGenerator@7c4da80c{s=START},c=HttpChannelOverHttp@31010cce{r=0,c=false,a=IDLE,uri=null}]}
2020-02-15 18:31:17 DEBUG HttpConnection@63b39329[SelectChannelEndPoint@7578d1e{/140.203.154.235:54959<->8981,Open,in,out,-,-,14/3600000,HttpConnection}{io=0/0,kio=0,kro=1}][p=HttpParser{s=START,0 of 0},g=HttpGenerator@7c4da80c{s=START},c=HttpChannelOverHttp@31010cce{r=0,c=false,a=IDLE,uri=null}] onFillable enter HttpChannelState@556ae78b{s=IDLE a=null i=true r=!P!U w=false} null
2020-02-15 18:31:17 DEBUG filled 1311 SelectChannelEndPoint@7578d1e{/140.203.154.235:54959<->8981,Open,in,out,-,-,17/3600000,HttpConnection}{io=0/0,kio=0,kro=1}
2020-02-15 18:31:17 DEBUG HttpConnection@63b39329[SelectChannelEndPoint@7578d1e{/140.203.154.235:54959<->8981,Open,in,out,-,-,3/3600000,HttpConnection}{io=0/0,kio=0,kro=1}][p=HttpParser{s=START,0 of 0},g=HttpGenerator@7c4da80c{s=START},c=HttpChannelOverHttp@31010cce{r=0,c=false,a=IDLE,uri=null}] filled 1311 HeapByteBuffer@f66ebe3[p=0,l=1311,c=8192,r=1311]={<<<POST /conv614d362...lth monitor"}}}>>>\x00\x00\x00\x00\x00\x00\x00\x00\x00\x00\x00\x00\x00\x00\x00\x00\x00...\x00\x00\x00\x00\x00\x00\x00\x00\x00\x00\x00\x00\x00\x00\x00}
2020-02-15 18:31:17 DEBUG HttpConnection@63b39329[SelectChannelEndPoint@7578d1e{/140.203.154.235:54959<->8981,Open,in,out,-,-,4/3600000,HttpConnection}{io=0/0,kio=0,kro=1}][p=HttpParser{s=START,0 of 0},g=HttpGenerator@7c4da80c{s=START},c=HttpChannelOverHttp@31010cce{r=0,c=false,a=IDLE,uri=null}] parse HeapByteBuffer@f66ebe3[p=0,l=1311,c=8192,r=1311]={<<<POST /conv614d362...lth monitor"}}}>>>\x00\x00\x00\x00\x00\x00\x00\x00\x00\x00\x00\x00\x00\x00\x00\x00\x00...\x00\x00\x00\x00\x00\x00\x00\x00\x00\x00\x00\x00\x00\x00\x00} {}
2020-02-15 18:31:17 DEBUG parseNext s=START HeapByteBuffer@f66ebe3[p=0,l=1311,c=8192,r=1311]={<<<POST /conv614d362...lth monitor"}}}>>>\x00\x00\x00\x00\x00\x00\x00\x00\x00\x00\x00\x00\x00\x00\x00\x00\x00...\x00\x00\x00\x00\x00\x00\x00\x00\x00\x00\x00\x00\x00\x00\x00}
2020-02-15 18:31:17 DEBUG START --> SPACE1
2020-02-15 18:31:17 DEBUG SPACE1 --> URI
2020-02-15 18:31:17 DEBUG URI --> SPACE2
2020-02-15 18:31:17 DEBUG SPACE2 --> REQUEST_VERSION
2020-02-15 18:31:17 DEBUG REQUEST_VERSION --> HEADER
2020-02-15 18:31:17 DEBUG HEADER --> HEADER_VALUE
2020-02-15 18:31:17 DEBUG HEADER_VALUE --> HEADER_IN_VALUE
2020-02-15 18:31:17 DEBUG HEADER_IN_VALUE --> HEADER
2020-02-15 18:31:17 DEBUG HEADER --> HEADER_IN_VALUE
2020-02-15 18:31:17 DEBUG HEADER_IN_VALUE --> HEADER
2020-02-15 18:31:17 DEBUG HEADER --> HEADER_VALUE
2020-02-15 18:31:17 DEBUG HEADER_VALUE --> HEADER_IN_VALUE
2020-02-15 18:31:17 DEBUG HEADER_IN_VALUE --> HEADER
2020-02-15 18:31:17 DEBUG HEADER --> HEADER_VALUE
2020-02-15 18:31:17 DEBUG HEADER_VALUE --> HEADER_IN_VALUE
2020-02-15 18:31:17 DEBUG HEADER_IN_VALUE --> HEADER
2020-02-15 18:31:17 DEBUG HEADER --> HEADER_IN_VALUE
2020-02-15 18:31:17 DEBUG HEADER_IN_VALUE --> HEADER
2020-02-15 18:31:17 DEBUG HEADER --> HEADER_VALUE
2020-02-15 18:31:17 DEBUG HEADER_VALUE --> HEADER_IN_VALUE
2020-02-15 18:31:17 DEBUG HEADER_IN_VALUE --> HEADER
2020-02-15 18:31:17 DEBUG HEADER --> HEADER_IN_VALUE
2020-02-15 18:31:17 DEBUG HEADER_IN_VALUE --> HEADER
2020-02-15 18:31:17 DEBUG HEADER --> CONTENT
2020-02-15 18:31:17 DEBUG HttpConnection@63b39329[SelectChannelEndPoint@7578d1e{/140.203.154.235:54959<->8981,Open,in,out,-,-,17/3600000,HttpConnection}{io=0/0,kio=0,kro=1}][p=HttpParser{s=CONTENT,0 of 988},g=HttpGenerator@7c4da80c{s=START},c=HttpChannelOverHttp@31010cce{r=1,c=false,a=IDLE,uri=//10.196.2.56:8981/conv614d3621-7399-45b1-bf2f-505b24045ea74}] parsed true HttpParser{s=CONTENT,0 of 988}
2020-02-15 18:31:17 DEBUG HttpChannelOverHttp@31010cce{r=1,c=false,a=IDLE,uri=//10.196.2.56:8981/conv614d3621-7399-45b1-bf2f-505b24045ea74} handle //10.196.2.56:8981/conv614d3621-7399-45b1-bf2f-505b24045ea74 
2020-02-15 18:31:17 DEBUG HttpChannelState@556ae78b{s=IDLE a=null i=true r=!P!U w=false} handling IDLE
2020-02-15 18:31:17 DEBUG HttpChannelOverHttp@31010cce{r=1,c=false,a=DISPATCHED,uri=//10.196.2.56:8981/conv614d3621-7399-45b1-bf2f-505b24045ea74} action DISPATCH
2020-02-15 18:31:17 DEBUG REQUEST on HttpChannelOverHttp@31010cce{r=1,c=false,a=DISPATCHED,uri=//10.196.2.56:8981/conv614d3621-7399-45b1-bf2f-505b24045ea74}
POST //10.196.2.56:8981/conv614d3621-7399-45b1-bf2f-505b24045ea74
Accept: text/plain, application/json, application/*+json, */*
Content-Type: application/json;charset=UTF-8
Content-Length: 988
Host: 10.196.2.56:8981
Connection: keep-alive
User-Agent: Apache-HttpClient/4.5.5 (Java/1.8.0_171)
Accept-Encoding: gzip,deflate


2020-02-15 18:31:17 DEBUG sessionManager=org.eclipse.jetty.server.session.HashSessionManager@148adb84
2020-02-15 18:31:17 DEBUG session=null
2020-02-15 18:31:17 DEBUG Created SelectChannelEndPoint@7578d1e{/140.203.154.235:54959<->8981,Open,in,out,FI,-,14/3600000,HttpConnection}{io=0/0,kio=0,kro=1}
2020-02-15 18:31:17 DEBUG EPR Prod/org.eclipse.jetty.io.ManagedSelector$SelectorProducer@40def51a ran org.eclipse.jetty.io.ManagedSelector$CreateEndPoint@6f0be605
2020-02-15 18:31:17 DEBUG New observation received from the platform.
2020-02-15 18:31:17 DEBUG EPR Prod/org.eclipse.jetty.io.ManagedSelector$SelectorProducer@40def51a produce exit
2020-02-15 18:31:17 DEBUG HttpConnection@63b39329[SelectChannelEndPoint@7578d1e{/140.203.154.235:54959<->8981,Open,in,out,-,-,49/3600000,HttpConnection}{io=0/0,kio=0,kro=1}][p=HttpParser{s=CONTENT,0 of 988},g=HttpGenerator@7c4da80c{s=START},c=HttpChannelOverHttp@31010cce{r=1,c=false,a=DISPATCHED,uri=//10.196.2.56:8981/conv614d3621-7399-45b1-bf2f-505b24045ea74}] parse HeapByteBuffer@f66ebe3[p=323,l=1311,c=8192,r=988]={POST /conv614d362...zip,deflate\r\n\r\n<<<{"id":117821,"obs...lth monitor"}}}>>>\x00\x00\x00\x00\x00\x00\x00\x00\x00\x00\x00\x00\x00\x00\x00\x00\x00...\x00\x00\x00\x00\x00\x00\x00\x00\x00\x00\x00\x00\x00\x00\x00} {}
2020-02-15 18:31:17 DEBUG parseNext s=CONTENT HeapByteBuffer@f66ebe3[p=323,l=1311,c=8192,r=988]={POST /conv614d362...zip,deflate\r\n\r\n<<<{"id":117821,"obs...lth monitor"}}}>>>\x00\x00\x00\x00\x00\x00\x00\x00\x00\x00\x00\x00\x00\x00\x00\x00\x00...\x00\x00\x00\x00\x00\x00\x00\x00\x00\x00\x00\x00\x00\x00\x00}
2020-02-15 18:31:17 DEBUG HttpChannelOverHttp@31010cce{r=1,c=false,a=DISPATCHED,uri=//10.196.2.56:8981/conv614d3621-7399-45b1-bf2f-505b24045ea74} content Content@66b10b6c{HeapByteBufferR@4d455484[p=323,l=1311,c=8192,r=988]={POST /conv614d362...zip,deflate\r\n\r\n<<<{"id":117821,"obs...lth monitor"}}}>>>\x00\x00\x00\x00\x00\x00\x00\x00\x00\x00\x00\x00\x00\x00\x00\x00\x00...\x00\x00\x00\x00\x00\x00\x00\x00\x00\x00\x00\x00\x00\x00\x00}}
2020-02-15 18:31:17 DEBUG HttpInputOverHTTP@dd63862[c=0,s=STREAM] addContent Content@66b10b6c{HeapByteBufferR@4d455484[p=323,l=1311,c=8192,r=988]={POST /conv614d362...zip,deflate\r\n\r\n<<<{"id":117821,"obs...lth monitor"}}}>>>\x00\x00\x00\x00\x00\x00\x00\x00\x00\x00\x00\x00\x00\x00\x00\x00\x00...\x00\x00\x00\x00\x00\x00\x00\x00\x00\x00\x00\x00\x00\x00\x00}}
2020-02-15 18:31:17 DEBUG CONTENT --> END
2020-02-15 18:31:17 DEBUG HttpChannelOverHttp@31010cce{r=1,c=false,a=DISPATCHED,uri=//10.196.2.56:8981/conv614d3621-7399-45b1-bf2f-505b24045ea74} onRequestComplete
2020-02-15 18:31:17 DEBUG HttpInputOverHTTP@dd63862[c=0,s=STREAM] addContent EOF
2020-02-15 18:31:17 DEBUG HttpConnection@63b39329[SelectChannelEndPoint@7578d1e{/140.203.154.235:54959<->8981,Open,in,out,-,-,51/3600000,HttpConnection}{io=0/0,kio=0,kro=1}][p=HttpParser{s=END,988 of 988},g=HttpGenerator@7c4da80c{s=START},c=HttpChannelOverHttp@31010cce{r=1,c=false,a=DISPATCHED,uri=//10.196.2.56:8981/conv614d3621-7399-45b1-bf2f-505b24045ea74}] parsed false HttpParser{s=END,988 of 988}
2020-02-15 18:31:17 DEBUG HttpInputOverHTTP@dd63862[c=0,s=STREAM] read 1024 from Content@66b10b6c{HeapByteBufferR@4d455484[p=323,l=1311,c=8192,r=988]={POST /conv614d362...zip,deflate\r\n\r\n<<<{"id":117821,"obs...lth monitor"}}}>>>\x00\x00\x00\x00\x00\x00\x00\x00\x00\x00\x00\x00\x00\x00\x00\x00\x00...\x00\x00\x00\x00\x00\x00\x00\x00\x00\x00\x00\x00\x00\x00\x00}}
2020-02-15 18:31:17 DEBUG releaseRequestBuffer HttpConnection@63b39329[SelectChannelEndPoint@7578d1e{/140.203.154.235:54959<->8981,Open,in,out,-,-,52/3600000,HttpConnection}{io=0/0,kio=0,kro=1}][p=HttpParser{s=END,988 of 988},g=HttpGenerator@7c4da80c{s=START},c=HttpChannelOverHttp@31010cce{r=1,c=false,a=DISPATCHED,uri=//10.196.2.56:8981/conv614d3621-7399-45b1-bf2f-505b24045ea74}]
2020-02-15 18:31:17 DEBUG HttpInputOverHTTP@dd63862[c=988,s=STREAM] consumed Content@66b10b6c{HeapByteBufferR@4d455484[p=1311,l=1311,c=8192,r=0]={POST /conv614d362...lth monitor"}}}<<<>>>\x00\x00\x00\x00\x00\x00\x00\x00\x00\x00\x00\x00\x00\x00\x00\x00\x00...\x00\x00\x00\x00\x00\x00\x00\x00\x00\x00\x00\x00\x00\x00\x00}}
2020-02-15 18:31:17 DEBUG HttpInputOverHTTP@dd63862[c=988,s=STREAM] consumed EOF
2020-02-15 18:31:17 DEBUG ran org.eclipse.jetty.io.ManagedSelector@112dff1 id=0 keys=1 selected=0
2020-02-15 18:31:17 DEBUG Lock : qtp620534464-16
2020-02-15 18:31:17 DEBUG Lock : qtp620534464-16
2020-02-15 18:31:17 DEBUG Observation message msg8c5299c1-4f21-4d92-af40-38e6fe5fec0e has been published upstream through Inter MW.
2020-02-15 18:31:17 DEBUG Commit HTTP/1.1{s=200,h=2} to HttpChannelOverHttp@31010cce{r=1,c=true,a=DISPATCHED,uri=//10.196.2.56:8981/conv614d3621-7399-45b1-bf2f-505b24045ea74}
2020-02-15 18:31:17 DEBUG org.eclipse.jetty.server.HttpConnection$SendCallback@7ca7a6d7[PROCESSING][i=HTTP/1.1{s=200,h=2},cb=org.eclipse.jetty.server.HttpChannel$CommitCallback@3a0a468a] generate: NEED_HEADER (null,[p=0,l=0,c=0,r=0],false)@START
2020-02-15 18:31:17 DEBUG org.eclipse.jetty.server.HttpConnection$SendCallback@7ca7a6d7[PROCESSING][i=HTTP/1.1{s=200,h=2},cb=org.eclipse.jetty.server.HttpChannel$CommitCallback@3a0a468a] generate: FLUSH ([p=0,l=155,c=8192,r=155],[p=0,l=0,c=0,r=0],false)@COMMITTED
2020-02-15 18:31:17 DEBUG write: WriteFlusher@5ace8b46{IDLE} [HeapByteBuffer@f66ebe3[p=0,l=155,c=8192,r=155]={<<<HTTP/1.1 200 OK\r\n....v20151106)\r\n\r\n>>>rset=UTF-8\r\nConte...\x00\x00\x00\x00\x00\x00\x00\x00\x00\x00\x00\x00\x00\x00\x00}]
2020-02-15 18:31:17 DEBUG update WriteFlusher@5ace8b46{WRITING}:IDLE-->WRITING
2020-02-15 18:31:17 DEBUG flushed 155 SelectChannelEndPoint@7578d1e{/140.203.154.235:54959<->8981,Open,in,out,-,W,131/3600000,HttpConnection}{io=0/0,kio=0,kro=1}
2020-02-15 18:31:17 DEBUG Flushed=true 155/155+0 WriteFlusher@5ace8b46{WRITING}
2020-02-15 18:31:17 DEBUG update WriteFlusher@5ace8b46{IDLE}:WRITING-->IDLE
2020-02-15 18:31:17 DEBUG org.eclipse.jetty.server.HttpConnection$SendCallback@7ca7a6d7[PROCESSING][i=HTTP/1.1{s=200,h=2},cb=org.eclipse.jetty.server.HttpChannel$CommitCallback@3a0a468a] generate: DONE ([p=155,l=155,c=8192,r=0],[p=0,l=0,c=0,r=0],false)@COMMITTED
2020-02-15 18:31:17 DEBUG org.eclipse.jetty.server.HttpConnection$SendCallback@7ca7a6d7[PROCESSING][i=null,cb=Blocker@2ef126c3{null}] generate: CONTINUE (null,[p=0,l=0,c=0,r=0],true)@COMPLETING
2020-02-15 18:31:17 DEBUG org.eclipse.jetty.server.HttpConnection$SendCallback@7ca7a6d7[PROCESSING][i=null,cb=Blocker@2ef126c3{null}] generate: NEED_CHUNK (null,[p=0,l=0,c=0,r=0],true)@COMPLETING
2020-02-15 18:31:17 DEBUG org.eclipse.jetty.server.HttpConnection$SendCallback@7ca7a6d7[PROCESSING][i=null,cb=Blocker@2ef126c3{null}] generate: FLUSH (null,[p=0,l=0,c=0,r=0],true)@COMPLETING
2020-02-15 18:31:17 DEBUG write: WriteFlusher@5ace8b46{IDLE} [HeapByteBuffer@1f62435b[p=0,l=5,c=1024,r=5]={<<<0\r\n\r\n>>>\x00\x00\x00\x00\x00\x00\x00\x00\x00\x00\x00\x00\x00\x00\x00\x00\x00...\x00\x00\x00\x00\x00\x00\x00\x00\x00\x00\x00\x00\x00\x00\x00}]
2020-02-15 18:31:17 DEBUG update WriteFlusher@5ace8b46{WRITING}:IDLE-->WRITING
2020-02-15 18:31:17 DEBUG flushed 5 SelectChannelEndPoint@7578d1e{/140.203.154.235:54959<->8981,Open,in,out,-,W,3/3600000,HttpConnection}{io=0/0,kio=0,kro=1}
2020-02-15 18:31:17 DEBUG Flushed=true 5/5+0 WriteFlusher@5ace8b46{WRITING}
2020-02-15 18:31:17 DEBUG update WriteFlusher@5ace8b46{IDLE}:WRITING-->IDLE
2020-02-15 18:31:17 DEBUG org.eclipse.jetty.server.HttpConnection$SendCallback@7ca7a6d7[PROCESSING][i=null,cb=Blocker@2ef126c3{null}] generate: DONE (null,[p=0,l=0,c=0,r=0],true)@END
2020-02-15 18:31:17 DEBUG RESPONSE for /conv614d3621-7399-45b1-bf2f-505b24045ea74 h=true
200 null
Date: Sat, 15 Feb 2020 18:31:17 GMT
Content-Type: text/html;charset=utf-8


2020-02-15 18:31:17 DEBUG HttpChannelState@556ae78b{s=DISPATCHED a=null i=true r=!P!U w=false} unhandle DISPATCHED
2020-02-15 18:31:17 DEBUG HttpChannelOverHttp@31010cce{r=1,c=true,a=COMPLETING,uri=//10.196.2.56:8981/conv614d3621-7399-45b1-bf2f-505b24045ea74} action COMPLETE
2020-02-15 18:31:17 DEBUG reset HttpParser{s=END,988 of 988}
2020-02-15 18:31:17 DEBUG END --> START
2020-02-15 18:31:17 DEBUG HttpChannelOverHttp@31010cce{r=1,c=false,a=IDLE,uri=null} handle exit, result COMPLETE
2020-02-15 18:31:17 DEBUG filled 0 SelectChannelEndPoint@7578d1e{/140.203.154.235:54959<->8981,Open,in,out,-,-,27/3600000,HttpConnection}{io=0/0,kio=0,kro=1}
2020-02-15 18:31:17 DEBUG filled 0 SelectChannelEndPoint@7578d1e{/140.203.154.235:54959<->8981,Open,in,out,-,-,27/3600000,HttpConnection}{io=0/0,kio=0,kro=1}
2020-02-15 18:31:17 DEBUG HttpConnection@63b39329[SelectChannelEndPoint@7578d1e{/140.203.154.235:54959<->8981,Open,in,out,-,-,27/3600000,HttpConnection}{io=0/0,kio=0,kro=1}][p=HttpParser{s=START,0 of -1},g=HttpGenerator@7c4da80c{s=START},c=HttpChannelOverHttp@31010cce{r=1,c=false,a=IDLE,uri=null}] filled 0 HeapByteBuffer@f66ebe3[p=0,l=0,c=8192,r=0]={<<<>>>HTTP/1.1 200 OK\r\n...\x00\x00\x00\x00\x00\x00\x00\x00\x00\x00\x00\x00\x00\x00\x00}
2020-02-15 18:31:17 DEBUG HttpConnection@63b39329[SelectChannelEndPoint@7578d1e{/140.203.154.235:54959<->8981,Open,in,out,-,-,28/3600000,HttpConnection}{io=0/0,kio=0,kro=1}][p=HttpParser{s=START,0 of -1},g=HttpGenerator@7c4da80c{s=START},c=HttpChannelOverHttp@31010cce{r=1,c=false,a=IDLE,uri=null}] parse HeapByteBuffer@f66ebe3[p=0,l=0,c=8192,r=0]={<<<>>>HTTP/1.1 200 OK\r\n...\x00\x00\x00\x00\x00\x00\x00\x00\x00\x00\x00\x00\x00\x00\x00} {}
2020-02-15 18:31:17 DEBUG parseNext s=START HeapByteBuffer@f66ebe3[p=0,l=0,c=8192,r=0]={<<<>>>HTTP/1.1 200 OK\r\n...\x00\x00\x00\x00\x00\x00\x00\x00\x00\x00\x00\x00\x00\x00\x00}
2020-02-15 18:31:17 DEBUG HttpConnection@63b39329[SelectChannelEndPoint@7578d1e{/140.203.154.235:54959<->8981,Open,in,out,-,-,28/3600000,HttpConnection}{io=0/0,kio=0,kro=1}][p=HttpParser{s=START,0 of -1},g=HttpGenerator@7c4da80c{s=START},c=HttpChannelOverHttp@31010cce{r=1,c=false,a=IDLE,uri=null}] parsed false HttpParser{s=START,0 of -1}
2020-02-15 18:31:17 DEBUG releaseRequestBuffer HttpConnection@63b39329[SelectChannelEndPoint@7578d1e{/140.203.154.235:54959<->8981,Open,in,out,-,-,29/3600000,HttpConnection}{io=0/0,kio=0,kro=1}][p=HttpParser{s=START,0 of -1},g=HttpGenerator@7c4da80c{s=START},c=HttpChannelOverHttp@31010cce{r=1,c=false,a=IDLE,uri=null}]
2020-02-15 18:31:17 DEBUG fillInterested HttpConnection@63b39329[SelectChannelEndPoint@7578d1e{/140.203.154.235:54959<->8981,Open,in,out,-,-,29/3600000,HttpConnection}{io=0/0,kio=0,kro=1}][p=HttpParser{s=START,0 of -1},g=HttpGenerator@7c4da80c{s=START},c=HttpChannelOverHttp@31010cce{r=1,c=false,a=IDLE,uri=null}]
2020-02-15 18:31:17 DEBUG FillInterest@50a023c3{true,AC.ReadCB@63b39329{HttpConnection@63b39329[SelectChannelEndPoint@7578d1e{/140.203.154.235:54959<->8981,Open,in,out,FI,-,0/3600000,HttpConnection}{io=0/0,kio=0,kro=1}][p=HttpParser{s=START,0 of -1},g=HttpGenerator@7c4da80c{s=START},c=HttpChannelOverHttp@31010cce{r=1,c=false,a=IDLE,uri=null}]}} register AC.ReadCB@63b39329{HttpConnection@63b39329[SelectChannelEndPoint@7578d1e{/140.203.154.235:54959<->8981,Open,in,out,FI,-,1/3600000,HttpConnection}{io=0/0,kio=0,kro=1}][p=HttpParser{s=START,0 of -1},g=HttpGenerator@7c4da80c{s=START},c=HttpChannelOverHttp@31010cce{r=1,c=false,a=IDLE,uri=null}]}
2020-02-15 18:31:17 DEBUG FillInterest@50a023c3{true,AC.ReadCB@63b39329{HttpConnection@63b39329[SelectChannelEndPoint@7578d1e{/140.203.154.235:54959<->8981,Open,in,out,FI,-,1/3600000,HttpConnection}{io=0/0,kio=0,kro=1}][p=HttpParser{s=START,0 of -1},g=HttpGenerator@7c4da80c{s=START},c=HttpChannelOverHttp@31010cce{r=1,c=false,a=IDLE,uri=null}]}} register AC.ReadCB@63b39329{HttpConnection@63b39329[SelectChannelEndPoint@7578d1e{/140.203.154.235:54959<->8981,Open,in,out,FI,-,1/3600000,HttpConnection}{io=0/0,kio=0,kro=1}][p=HttpParser{s=START,0 of -1},g=HttpGenerator@7c4da80c{s=START},c=HttpChannelOverHttp@31010cce{r=1,c=false,a=IDLE,uri=null}]}
2020-02-15 18:31:17 DEBUG changeInterests p=false 0->1 for SelectChannelEndPoint@7578d1e{/140.203.154.235:54959<->8981,Open,in,out,FI,-,2/3600000,HttpConnection}{io=0/1,kio=0,kro=1}
2020-02-15 18:31:17 DEBUG Queued change SelectChannelEndPoint@7578d1e{/140.203.154.235:54959<->8981,Open,in,out,FI,-,2/3600000,HttpConnection}{io=0/1,kio=0,kro=1}:runUpdateKey on org.eclipse.jetty.io.ManagedSelector@112dff1 id=0 keys=1 selected=0
2020-02-15 18:31:17 DEBUG Selector loop woken up from select, 0/1 selected
2020-02-15 18:31:17 DEBUG Running change SelectChannelEndPoint@7578d1e{/140.203.154.235:54959<->8981,Open,in,out,FI,-,3/3600000,HttpConnection}{io=0/1,kio=0,kro=1}:runUpdateKey
2020-02-15 18:31:17 DEBUG Key interests updated 0 -> 1 on SelectChannelEndPoint@7578d1e{/140.203.154.235:54959<->8981,Open,in,out,FI,-,3/3600000,HttpConnection}{io=1/1,kio=1,kro=1}
2020-02-15 18:31:17 DEBUG Selector loop waiting on select
2020-02-15 18:31:17 DEBUG HttpConnection@63b39329[SelectChannelEndPoint@7578d1e{/140.203.154.235:54959<->8981,Open,in,out,FI,-,3/3600000,HttpConnection}{io=1/1,kio=1,kro=1}][p=HttpParser{s=START,0 of -1},g=HttpGenerator@7c4da80c{s=START},c=HttpChannelOverHttp@31010cce{r=1,c=false,a=IDLE,uri=null}] onFillable exit HttpChannelState@556ae78b{s=IDLE a=null i=true r=!P!U w=false} null
2020-02-15 18:31:17 DEBUG EPR Prod/org.eclipse.jetty.io.ManagedSelector$SelectorProducer@40def51a ran SelectChannelEndPoint@7578d1e{/140.203.154.235:54959<->8981,Open,in,out,FI,-,4/3600000,HttpConnection}{io=1/1,kio=1,kro=1}:runFillable
2020-02-15 18:31:17 DEBUG EPR Prod/org.eclipse.jetty.io.ManagedSelector$SelectorProducer@40def51a produce exit
2020-02-15 18:31:17 DEBUG ran EPR Prod/org.eclipse.jetty.io.ManagedSelector$SelectorProducer@40def51a
2020-02-15 18:31:17 DEBUG Lock : main
2020-02-15 18:31:17 DEBUG Lock : main
